<?xml version="1.0" encoding="UTF-8"?>
<testng-results skipped="0" failed="0" ignored="0" total="1" passed="1">
  <reporter-output>
  </reporter-output>
  <suite name="Default suite" duration-ms="37" started-at="2020-05-20T07:19:48 EDT" finished-at="2020-05-20T07:19:48 EDT">
    <groups>
    </groups>
    <test name="Default test" duration-ms="37" started-at="2020-05-20T07:19:48 EDT" finished-at="2020-05-20T07:19:48 EDT">
      <class name="com.class01.DifferentAnnotations">
        <test-method status="PASS" signature="beforeSuite()[pri:0, instance:com.class01.DifferentAnnotations@368f2016]" name="beforeSuite" is-config="true" duration-ms="10" started-at="2020-05-20T07:19:48 EDT" finished-at="2020-05-20T07:19:48 EDT">
          <reporter-output>
          </reporter-output>
        </test-method> <!-- beforeSuite -->
        <test-method status="PASS" signature="beforeTest()[pri:0, instance:com.class01.DifferentAnnotations@368f2016]" name="beforeTest" is-config="true" duration-ms="0" started-at="2020-05-20T07:19:48 EDT" finished-at="2020-05-20T07:19:48 EDT">
          <reporter-output>
          </reporter-output>
        </test-method> <!-- beforeTest -->
        <test-method status="PASS" signature="beforeClass()[pri:0, instance:com.class01.DifferentAnnotations@368f2016]" name="beforeClass" is-config="true" duration-ms="0" started-at="2020-05-20T07:19:48 EDT" finished-at="2020-05-20T07:19:48 EDT">
          <reporter-output>
          </reporter-output>
        </test-method> <!-- beforeClass -->
        <test-method status="PASS" signature="beforeMethod()[pri:0, instance:com.class01.DifferentAnnotations@368f2016]" name="beforeMethod" is-config="true" duration-ms="0" started-at="2020-05-20T07:19:48 EDT" finished-at="2020-05-20T07:19:48 EDT">
          <reporter-output>
          </reporter-output>
        </test-method> <!-- beforeMethod -->
        <test-method status="PASS" signature="test()[pri:0, instance:com.class01.DifferentAnnotations@368f2016]" name="test" duration-ms="6" started-at="2020-05-20T07:19:48 EDT" finished-at="2020-05-20T07:19:48 EDT">
          <reporter-output>
          </reporter-output>
        </test-method> <!-- test -->
        <test-method status="PASS" signature="afterMethod()[pri:0, instance:com.class01.DifferentAnnotations@368f2016]" name="afterMethod" is-config="true" duration-ms="1" started-at="2020-05-20T07:19:48 EDT" finished-at="2020-05-20T07:19:48 EDT">
          <reporter-output>
          </reporter-output>
        </test-method> <!-- afterMethod -->
        <test-method status="PASS" signature="afterClass()[pri:0, instance:com.class01.DifferentAnnotations@368f2016]" name="afterClass" is-config="true" duration-ms="1" started-at="2020-05-20T07:19:48 EDT" finished-at="2020-05-20T07:19:48 EDT">
          <reporter-output>
          </reporter-output>
        </test-method> <!-- afterClass -->
        <test-method status="PASS" signature="afterTest()[pri:0, instance:com.class01.DifferentAnnotations@368f2016]" name="afterTest" is-config="true" duration-ms="0" started-at="2020-05-20T07:19:48 EDT" finished-at="2020-05-20T07:19:48 EDT">
          <reporter-output>
          </reporter-output>
        </test-method> <!-- afterTest -->
        <test-method status="PASS" signature="afterSuite()[pri:0, instance:com.class01.DifferentAnnotations@368f2016]" name="afterSuite" is-config="true" duration-ms="1" started-at="2020-05-20T07:19:48 EDT" finished-at="2020-05-20T07:19:48 EDT">
          <reporter-output>
          </reporter-output>
        </test-method> <!-- afterSuite -->
      </class> <!-- com.class01.DifferentAnnotations -->
    </test> <!-- Default test -->
  </suite> <!-- Default suite -->
</testng-results>
